{
  "RSpec": {
    "coverage": {
      "C:/Users/Shaun/Documents/Lessons/module 5/Recipe_App/spec/controllers/recipe_controller_spec.rb": {
        "lines": [
          1,
          null,
          1,
          3,
          3,
          null,
          1,
          1,
          1,
          1,
          null,
          null,
          1,
          1,
          1,
          1,
          null,
          null,
          null,
          1,
          1,
          1,
          1,
          null,
          null,
          1,
          1,
          1,
          1,
          null,
          null,
          null
        ]
      },
      "C:/Users/Shaun/Documents/Lessons/module 5/Recipe_App/app/controllers/recipes_controller.rb": {
        "lines": [
          1,
          1,
          null,
          1,
          2,
          2,
          null,
          null,
          1,
          0,
          null,
          null,
          1,
          0,
          null,
          0,
          0,
          null,
          0,
          null,
          null,
          null,
          1,
          0,
          0,
          0,
          0,
          null,
          null,
          1,
          2,
          2,
          2,
          null,
          null,
          1,
          0,
          0,
          null,
          0,
          0,
          0,
          0,
          null,
          0,
          null,
          null,
          null,
          1,
          0,
          null,
          null,
          1,
          null,
          1,
          0,
          null,
          null
        ]
      },
      "C:/Users/Shaun/Documents/Lessons/module 5/Recipe_App/spec/views/food_index_spec.rb": {
        "lines": [
          1,
          null,
          1,
          5,
          1,
          null,
          1,
          4,
          4,
          4,
          4,
          null,
          null,
          1,
          1,
          null,
          1,
          1,
          1,
          1,
          1,
          1,
          1,
          1,
          1,
          1,
          null,
          null,
          1,
          1,
          1,
          1,
          1,
          1,
          1,
          null,
          null,
          1,
          1,
          1,
          1,
          1,
          1,
          1,
          1,
          null,
          1,
          1,
          1,
          1,
          1,
          null,
          null,
          1,
          1,
          0,
          0,
          0,
          null,
          0,
          0,
          0,
          null,
          null,
          null,
          null
        ]
      },
      "C:/Users/Shaun/Documents/Lessons/module 5/Recipe_App/spec/views/missing_foods_spec.rb": {
        "lines": [
          1,
          null,
          1,
          1,
          3,
          3,
          null,
          3,
          3,
          3,
          null,
          3,
          null,
          null,
          1,
          1,
          null,
          null,
          1,
          1,
          null,
          null,
          1,
          1,
          1,
          1,
          1,
          1,
          1,
          1,
          1,
          1,
          1,
          1,
          null,
          null
        ]
      },
      "C:/Users/Shaun/Documents/Lessons/module 5/Recipe_App/spec/views/recipe_index_spec.rb": {
        "lines": [
          null,
          null,
          1,
          null,
          1,
          1,
          1,
          null,
          2,
          2,
          2,
          null,
          1,
          1,
          1,
          null,
          null,
          1,
          null,
          1,
          null,
          1,
          null,
          1,
          1,
          1,
          1,
          null,
          1,
          null,
          1,
          3,
          3,
          3,
          3,
          null,
          3,
          0,
          null,
          3,
          null,
          null,
          null,
          null
        ]
      },
      "C:/Users/Shaun/Documents/Lessons/module 5/Recipe_App/app/models/food.rb": {
        "lines": [
          1,
          1,
          null,
          1,
          1,
          null,
          1,
          1,
          1,
          null
        ]
      },
      "C:/Users/Shaun/Documents/Lessons/module 5/Recipe_App/app/models/recipe.rb": {
        "lines": [
          1,
          1,
          1,
          1,
          1,
          null
        ]
      },
      "C:/Users/Shaun/Documents/Lessons/module 5/Recipe_App/app/models/recipe_food.rb": {
        "lines": [
          1,
          1,
          1,
          null
        ]
      },
      "C:/Users/Shaun/Documents/Lessons/module 5/Recipe_App/app/models/inventory.rb": {
        "lines": [
          1,
          1,
          1,
          null,
          1,
          1,
          null,
          1,
          0,
          null,
          null,
          1,
          0,
          null,
          null
        ]
      },
      "C:/Users/Shaun/Documents/Lessons/module 5/Recipe_App/app/controllers/inventories_controller.rb": {
        "lines": [
          1,
          1,
          null,
          1,
          0,
          null,
          null,
          1,
          0,
          null,
          null,
          1,
          0,
          null,
          null,
          1,
          0,
          0,
          0,
          0,
          null,
          0,
          null,
          null,
          null,
          1,
          null,
          null,
          null,
          1,
          0,
          0,
          null,
          0,
          null,
          null,
          null,
          1,
          0,
          0,
          null,
          null,
          1,
          null,
          1,
          0,
          null,
          0,
          0,
          null,
          null,
          1,
          0,
          null,
          null,
          1,
          0,
          null,
          null
        ]
      }
    },
    "timestamp": 1702132414
  }
}
